2025.06.19 19:03:36 INFO  Started: Metals version 1.6.0 in folders '/home/vijay/Documents/asteroid-mining-simulator' for client Visual Studio Code 1.100.2.
2025.06.19 19:03:38 INFO  no build target found for /home/vijay/Documents/asteroid-mining-simulator/build.sbt. Using presentation compiler with project's scala-library version: 3.3.6
2025.06.19 19:03:41 WARN  Could not find semantic tokens for: file:///home/vijay/Documents/asteroid-mining-simulator/build.sbt
2025.06.19 19:03:43 INFO  no build target found for /home/vijay/Documents/asteroid-mining-simulator/build.sbt. Using presentation compiler with project's scala-library version: 3.3.6
2025.06.19 19:03:43 WARN  no build target for: /home/vijay/Documents/asteroid-mining-simulator/build.sbt
2025.06.19 19:03:43 INFO  no build target found for /home/vijay/Documents/asteroid-mining-simulator/build.sbt. Using presentation compiler with project's scala-library version: 3.3.6
2025.06.19 19:03:43 INFO  no build target found for /home/vijay/Documents/asteroid-mining-simulator/build.sbt. Using presentation compiler with project's scala-library version: 3.3.6
2025.06.19 19:04:19 INFO  no build target found for /home/vijay/Documents/asteroid-mining-simulator/build.sbt. Using presentation compiler with project's scala-library version: 3.3.6
2025.06.19 19:04:19 INFO  no build target found for /home/vijay/Documents/asteroid-mining-simulator/build.sbt. Using presentation compiler with project's scala-library version: 3.3.6
2025.06.19 19:04:21 INFO  no build target found for /home/vijay/Documents/asteroid-mining-simulator/build.sbt. Using presentation compiler with project's scala-library version: 3.3.6
2025.06.19 19:04:23 INFO  no build target found for /home/vijay/Documents/asteroid-mining-simulator/build.sbt. Using presentation compiler with project's scala-library version: 3.3.6
2025.06.19 19:04:23 INFO  no build target found for /home/vijay/Documents/asteroid-mining-simulator/build.sbt. Using presentation compiler with project's scala-library version: 3.3.6
2025.06.19 19:05:42 INFO  no build target found for /home/vijay/Documents/asteroid-mining-simulator/build.sbt. Using presentation compiler with project's scala-library version: 3.3.6
2025.06.19 19:05:42 INFO  no build target found for /home/vijay/Documents/asteroid-mining-simulator/build.sbt. Using presentation compiler with project's scala-library version: 3.3.6
2025.06.19 19:05:42 INFO  no build target found for /home/vijay/Documents/asteroid-mining-simulator/build.sbt. Using presentation compiler with project's scala-library version: 3.3.6
2025.06.19 19:05:42 INFO  no build target found for /home/vijay/Documents/asteroid-mining-simulator/build.sbt. Using presentation compiler with project's scala-library version: 3.3.6
2025.06.19 19:05:48 INFO  no build target found for /home/vijay/Documents/asteroid-mining-simulator/build.sbt. Using presentation compiler with project's scala-library version: 3.3.6
2025.06.19 19:05:52 INFO  no build target found for /home/vijay/Documents/asteroid-mining-simulator/build.sbt. Using presentation compiler with project's scala-library version: 3.3.6
2025.06.19 19:05:52 INFO  no build target found for /home/vijay/Documents/asteroid-mining-simulator/build.sbt. Using presentation compiler with project's scala-library version: 3.3.6
2025.06.19 19:05:52 INFO  no build target found for /home/vijay/Documents/asteroid-mining-simulator/build.sbt. Using presentation compiler with project's scala-library version: 3.3.6
2025.06.19 19:05:55 INFO  no build target found for /home/vijay/Documents/asteroid-mining-simulator/build.sbt. Using presentation compiler with project's scala-library version: 3.3.6
2025.06.19 19:05:55 INFO  no build target found for /home/vijay/Documents/asteroid-mining-simulator/build.sbt. Using presentation compiler with project's scala-library version: 3.3.6
2025.06.19 19:05:55 INFO  no build target found for /home/vijay/Documents/asteroid-mining-simulator/build.sbt. Using presentation compiler with project's scala-library version: 3.3.6
2025.06.19 19:05:55 INFO  no build target found for /home/vijay/Documents/asteroid-mining-simulator/build.sbt. Using presentation compiler with project's scala-library version: 3.3.6
2025.06.19 19:05:55 INFO  no build target found for /home/vijay/Documents/asteroid-mining-simulator/build.sbt. Using presentation compiler with project's scala-library version: 3.3.6
2025.06.19 19:05:55 INFO  no build target found for /home/vijay/Documents/asteroid-mining-simulator/build.sbt. Using presentation compiler with project's scala-library version: 3.3.6
2025.06.19 19:05:55 INFO  no build target found for /home/vijay/Documents/asteroid-mining-simulator/build.sbt. Using presentation compiler with project's scala-library version: 3.3.6
2025.06.19 19:05:56 WARN  no build target for: /home/vijay/Documents/asteroid-mining-simulator/build.sbt
2025.06.19 19:05:56 INFO  no build target found for /home/vijay/Documents/asteroid-mining-simulator/build.sbt. Using presentation compiler with project's scala-library version: 3.3.6
2025.06.19 19:05:56 INFO  skipping build import with status 'Dismissed'
2025.06.19 19:05:56 INFO  no build target found for /home/vijay/Documents/asteroid-mining-simulator/build.sbt. Using presentation compiler with project's scala-library version: 3.3.6
2025.06.19 19:05:56 INFO  no build target found for /home/vijay/Documents/asteroid-mining-simulator/build.sbt. Using presentation compiler with project's scala-library version: 3.3.6
2025.06.19 19:05:56 INFO  no build target found for /home/vijay/Documents/asteroid-mining-simulator/build.sbt. Using presentation compiler with project's scala-library version: 3.3.6
2025.06.19 19:06:07 INFO  no build target found for /home/vijay/Documents/asteroid-mining-simulator/build.sbt. Using presentation compiler with project's scala-library version: 3.3.6
2025.06.19 19:06:09 INFO  no build target found for /home/vijay/Documents/asteroid-mining-simulator/build.sbt. Using presentation compiler with project's scala-library version: 3.3.6
2025.06.19 19:06:23 INFO  no build target found for /home/vijay/Documents/asteroid-mining-simulator/build.sbt. Using presentation compiler with project's scala-library version: 3.3.6
2025.06.19 19:06:23 INFO  no build target found for /home/vijay/Documents/asteroid-mining-simulator/build.sbt. Using presentation compiler with project's scala-library version: 3.3.6
2025.06.19 19:06:23 INFO  no build target found for /home/vijay/Documents/asteroid-mining-simulator/build.sbt. Using presentation compiler with project's scala-library version: 3.3.6
2025.06.19 19:06:23 INFO  no build target found for /home/vijay/Documents/asteroid-mining-simulator/build.sbt. Using presentation compiler with project's scala-library version: 3.3.6
2025.06.19 19:06:24 INFO  no build target found for /home/vijay/Documents/asteroid-mining-simulator/build.sbt. Using presentation compiler with project's scala-library version: 3.3.6
2025.06.19 19:06:23 INFO  no build target found for /home/vijay/Documents/asteroid-mining-simulator/build.sbt. Using presentation compiler with project's scala-library version: 3.3.6
2025.06.19 19:06:23 INFO  no build target found for /home/vijay/Documents/asteroid-mining-simulator/build.sbt. Using presentation compiler with project's scala-library version: 3.3.6
2025.06.19 19:06:23 INFO  no build target found for /home/vijay/Documents/asteroid-mining-simulator/build.sbt. Using presentation compiler with project's scala-library version: 3.3.6
2025.06.19 19:06:23 INFO  no build target found for /home/vijay/Documents/asteroid-mining-simulator/build.sbt. Using presentation compiler with project's scala-library version: 3.3.6
2025.06.19 19:06:24 INFO  no build target found for /home/vijay/Documents/asteroid-mining-simulator/build.sbt. Using presentation compiler with project's scala-library version: 3.3.6
2025.06.19 19:06:24 INFO  no build target found for /home/vijay/Documents/asteroid-mining-simulator/build.sbt. Using presentation compiler with project's scala-library version: 3.3.6
2025.06.19 19:06:24 INFO  no build target found for /home/vijay/Documents/asteroid-mining-simulator/build.sbt. Using presentation compiler with project's scala-library version: 3.3.6
2025.06.19 19:06:24 INFO  no build target found for /home/vijay/Documents/asteroid-mining-simulator/build.sbt. Using presentation compiler with project's scala-library version: 3.3.6
2025.06.19 19:06:24 INFO  no build target found for /home/vijay/Documents/asteroid-mining-simulator/build.sbt. Using presentation compiler with project's scala-library version: 3.3.6
2025.06.19 19:06:24 INFO  no build target found for /home/vijay/Documents/asteroid-mining-simulator/build.sbt. Using presentation compiler with project's scala-library version: 3.3.6
2025.06.19 19:06:24 INFO  no build target found for /home/vijay/Documents/asteroid-mining-simulator/build.sbt. Using presentation compiler with project's scala-library version: 3.3.6
2025.06.19 19:06:24 INFO  no build target found for /home/vijay/Documents/asteroid-mining-simulator/build.sbt. Using presentation compiler with project's scala-library version: 3.3.6
2025.06.19 19:06:25 INFO  no build target found for /home/vijay/Documents/asteroid-mining-simulator/build.sbt. Using presentation compiler with project's scala-library version: 3.3.6
2025.06.19 19:06:24 INFO  no build target found for /home/vijay/Documents/asteroid-mining-simulator/build.sbt. Using presentation compiler with project's scala-library version: 3.3.6
2025.06.19 19:06:24 INFO  no build target found for /home/vijay/Documents/asteroid-mining-simulator/build.sbt. Using presentation compiler with project's scala-library version: 3.3.6
Jun 19, 2025 7:06:25 PM org.eclipse.lsp4j.jsonrpc.RemoteEndpoint handleCancellation
WARNING: Unmatched cancel notification for request id 70
2025.06.19 19:06:24 INFO  no build target found for /home/vijay/Documents/asteroid-mining-simulator/build.sbt. Using presentation compiler with project's scala-library version: 3.3.6
2025.06.19 19:06:24 INFO  no build target found for /home/vijay/Documents/asteroid-mining-simulator/build.sbt. Using presentation compiler with project's scala-library version: 3.3.6
2025.06.19 19:06:24 INFO  no build target found for /home/vijay/Documents/asteroid-mining-simulator/build.sbt. Using presentation compiler with project's scala-library version: 3.3.6
2025.06.19 19:06:26 INFO  no build target found for /home/vijay/Documents/asteroid-mining-simulator/build.sbt. Using presentation compiler with project's scala-library version: 3.3.6
2025.06.19 19:06:26 INFO  no build target found for /home/vijay/Documents/asteroid-mining-simulator/build.sbt. Using presentation compiler with project's scala-library version: 3.3.6
2025.06.19 19:06:26 INFO  no build target found for /home/vijay/Documents/asteroid-mining-simulator/build.sbt. Using presentation compiler with project's scala-library version: 3.3.6
2025.06.19 19:06:26 INFO  no build target found for /home/vijay/Documents/asteroid-mining-simulator/build.sbt. Using presentation compiler with project's scala-library version: 3.3.6
2025.06.19 19:11:43 INFO  no build target found for /home/vijay/Documents/asteroid-mining-simulator/build.sbt. Using presentation compiler with project's scala-library version: 3.3.6
2025.06.19 19:11:44 INFO  no build target found for /home/vijay/Documents/asteroid-mining-simulator/build.sbt. Using presentation compiler with project's scala-library version: 3.3.6
2025.06.19 19:11:53 INFO  no build target found for /home/vijay/Documents/asteroid-mining-simulator/build.sbt. Using presentation compiler with project's scala-library version: 3.3.6
2025.06.19 19:12:13 INFO  no build target found for /home/vijay/Documents/asteroid-mining-simulator/build.sbt. Using presentation compiler with project's scala-library version: 3.3.6
2025.06.19 19:12:13 INFO  no build target found for /home/vijay/Documents/asteroid-mining-simulator/build.sbt. Using presentation compiler with project's scala-library version: 3.3.6
2025.06.19 19:12:15 INFO  no build target found for /home/vijay/Documents/asteroid-mining-simulator/build.sbt. Using presentation compiler with project's scala-library version: 3.3.6
2025.06.19 19:12:15 INFO  no build target found for /home/vijay/Documents/asteroid-mining-simulator/build.sbt. Using presentation compiler with project's scala-library version: 3.3.6
2025.06.19 19:13:30 INFO  no build target found for /home/vijay/Documents/asteroid-mining-simulator/build.sbt. Using presentation compiler with project's scala-library version: 3.3.6
2025.06.19 19:15:58 INFO  no build target found for /home/vijay/Documents/asteroid-mining-simulator/build.sbt. Using presentation compiler with project's scala-library version: 3.3.6
2025.06.19 19:16:00 INFO  no build target found for /home/vijay/Documents/asteroid-mining-simulator/build.sbt. Using presentation compiler with project's scala-library version: 3.3.6
2025.06.19 19:16:00 INFO  no build target found for /home/vijay/Documents/asteroid-mining-simulator/build.sbt. Using presentation compiler with project's scala-library version: 3.3.6
2025.06.19 19:16:02 INFO  no build target found for /home/vijay/Documents/asteroid-mining-simulator/build.sbt. Using presentation compiler with project's scala-library version: 3.3.6
2025.06.19 19:16:05 INFO  no build target found for /home/vijay/Documents/asteroid-mining-simulator/build.sbt. Using presentation compiler with project's scala-library version: 3.3.6
2025.06.19 19:16:08 INFO  no build target found for /home/vijay/Documents/asteroid-mining-simulator/build.sbt. Using presentation compiler with project's scala-library version: 3.3.6
2025.06.19 19:16:08 INFO  no build target found for /home/vijay/Documents/asteroid-mining-simulator/build.sbt. Using presentation compiler with project's scala-library version: 3.3.6
2025.06.19 19:16:08 INFO  no build target found for /home/vijay/Documents/asteroid-mining-simulator/build.sbt. Using presentation compiler with project's scala-library version: 3.3.6
2025.06.19 19:16:08 INFO  no build target found for /home/vijay/Documents/asteroid-mining-simulator/build.sbt. Using presentation compiler with project's scala-library version: 3.3.6
2025.06.19 19:16:09 INFO  no build target found for /home/vijay/Documents/asteroid-mining-simulator/build.sbt. Using presentation compiler with project's scala-library version: 3.3.6
2025.06.19 19:16:09 INFO  no build target found for /home/vijay/Documents/asteroid-mining-simulator/build.sbt. Using presentation compiler with project's scala-library version: 3.3.6
2025.06.19 19:16:09 INFO  no build target found for /home/vijay/Documents/asteroid-mining-simulator/build.sbt. Using presentation compiler with project's scala-library version: 3.3.6
2025.06.19 19:16:10 WARN  no build target for: /home/vijay/Documents/asteroid-mining-simulator/build.sbt
2025.06.19 19:16:10 INFO  skipping build import with status 'Dismissed'
2025.06.19 19:16:10 INFO  no build target found for /home/vijay/Documents/asteroid-mining-simulator/build.sbt. Using presentation compiler with project's scala-library version: 3.3.6
2025.06.19 19:16:11 INFO  no build target found for /home/vijay/Documents/asteroid-mining-simulator/build.sbt. Using presentation compiler with project's scala-library version: 3.3.6
2025.06.19 19:16:22 INFO  no build target found for /home/vijay/Documents/asteroid-mining-simulator/build.sbt. Using presentation compiler with project's scala-library version: 3.3.6
2025.06.19 19:16:22 INFO  skipping build import with status 'Dismissed'
2025.06.19 19:19:00 WARN  no build target for: /home/vijay/Documents/asteroid-mining-simulator/build.sbt
2025.06.19 19:19:00 INFO  no build target found for /home/vijay/Documents/asteroid-mining-simulator/build.sbt. Using presentation compiler with project's scala-library version: 3.3.6
2025.06.19 19:19:00 INFO  skipping build import with status 'Dismissed'
2025.06.19 19:19:00 INFO  no build target found for /home/vijay/Documents/asteroid-mining-simulator/build.sbt. Using presentation compiler with project's scala-library version: 3.3.6
2025.06.19 19:19:12 INFO  no build target found for /home/vijay/Documents/asteroid-mining-simulator/build.sbt. Using presentation compiler with project's scala-library version: 3.3.6
2025.06.19 19:19:14 INFO  no build target found for /home/vijay/Documents/asteroid-mining-simulator/build.sbt. Using presentation compiler with project's scala-library version: 3.3.6
2025.06.19 19:19:14 INFO  no build target found for /home/vijay/Documents/asteroid-mining-simulator/build.sbt. Using presentation compiler with project's scala-library version: 3.3.6
2025.06.19 19:41:59 INFO  no build target found for /home/vijay/Documents/asteroid-mining-simulator/build.sbt. Using presentation compiler with project's scala-library version: 3.3.6
2025.06.19 19:41:59 INFO  no build target found for /home/vijay/Documents/asteroid-mining-simulator/build.sbt. Using presentation compiler with project's scala-library version: 3.3.6
2025.06.19 19:42:00 INFO  no build target found for /home/vijay/Documents/asteroid-mining-simulator/build.sbt. Using presentation compiler with project's scala-library version: 3.3.6
2025.06.19 19:42:03 INFO  no build target found for /home/vijay/Documents/asteroid-mining-simulator/build.sbt. Using presentation compiler with project's scala-library version: 3.3.6
2025.06.19 19:45:31 INFO  no build target found for /home/vijay/Documents/asteroid-mining-simulator/build.sbt. Using presentation compiler with project's scala-library version: 3.3.6
2025.06.19 19:45:38 INFO  no build target found for /home/vijay/Documents/asteroid-mining-simulator/build.sbt. Using presentation compiler with project's scala-library version: 3.3.6
2025.06.19 19:45:46 INFO  no build target found for /home/vijay/Documents/asteroid-mining-simulator/build.sbt. Using presentation compiler with project's scala-library version: 3.3.6
2025.06.19 19:45:55 WARN  no build target for: /home/vijay/Documents/asteroid-mining-simulator/src/main/scala/com/mining/core/logistics/Inventory.scala
2025.06.19 19:45:55 INFO  no build target found for /home/vijay/Documents/asteroid-mining-simulator/src/main/scala/com/mining/core/logistics/Inventory.scala. Using presentation compiler with project's scala-library version: 3.3.6
2025.06.19 19:45:55 INFO  no build target found for /home/vijay/Documents/asteroid-mining-simulator/src/main/scala/com/mining/core/logistics/Inventory.scala. Using presentation compiler with project's scala-library version: 3.3.6
2025.06.19 19:45:55 WARN  Could not find semantic tokens for: file:///home/vijay/Documents/asteroid-mining-simulator/src/main/scala/com/mining/core/logistics/Inventory.scala
2025.06.19 19:45:56 INFO  no build target found for /home/vijay/Documents/asteroid-mining-simulator/src/main/scala/com/mining/core/logistics/Inventory.scala. Using presentation compiler with project's scala-library version: 3.3.6
2025.06.19 19:45:56 WARN  Could not find semantic tokens for: file:///home/vijay/Documents/asteroid-mining-simulator/src/main/scala/com/mining/core/logistics/Inventory.scala
2025.06.19 19:45:57 INFO  no build target found for /home/vijay/Documents/asteroid-mining-simulator/src/main/scala/com/mining/core/logistics/Inventory.scala. Using presentation compiler with project's scala-library version: 3.3.6
2025.06.19 19:45:57 INFO  no build target found for /home/vijay/Documents/asteroid-mining-simulator/src/main/scala/com/mining/core/logistics/Inventory.scala. Using presentation compiler with project's scala-library version: 3.3.6
2025.06.19 19:45:57 INFO  no build target found for /home/vijay/Documents/asteroid-mining-simulator/src/main/scala/com/mining/core/logistics/Inventory.scala. Using presentation compiler with project's scala-library version: 3.3.6
2025.06.19 19:45:57 INFO  no build target found for /home/vijay/Documents/asteroid-mining-simulator/src/main/scala/com/mining/core/logistics/Inventory.scala. Using presentation compiler with project's scala-library version: 3.3.6
2025.06.19 19:46:13 INFO  no build target found for /home/vijay/Documents/asteroid-mining-simulator/src/main/scala/com/mining/core/logistics/Inventory.scala. Using presentation compiler with project's scala-library version: 3.3.6
2025.06.19 19:46:58 INFO  no build target found for /home/vijay/Documents/asteroid-mining-simulator/src/main/scala/com/mining/core/logistics/Inventory.scala. Using presentation compiler with project's scala-library version: 3.3.6
2025.06.19 19:46:58 INFO  no build target found for /home/vijay/Documents/asteroid-mining-simulator/src/main/scala/com/mining/core/logistics/Inventory.scala. Using presentation compiler with project's scala-library version: 3.3.6
2025.06.19 19:46:58 INFO  no build target found for /home/vijay/Documents/asteroid-mining-simulator/src/main/scala/com/mining/core/logistics/Inventory.scala. Using presentation compiler with project's scala-library version: 3.3.6
2025.06.19 19:46:58 INFO  no build target found for /home/vijay/Documents/asteroid-mining-simulator/src/main/scala/com/mining/core/logistics/Inventory.scala. Using presentation compiler with project's scala-library version: 3.3.6
2025.06.19 19:46:59 INFO  no build target found for /home/vijay/Documents/asteroid-mining-simulator/src/main/scala/com/mining/core/logistics/Inventory.scala. Using presentation compiler with project's scala-library version: 3.3.6
2025.06.19 19:46:59 INFO  no build target found for /home/vijay/Documents/asteroid-mining-simulator/src/main/scala/com/mining/core/logistics/Inventory.scala. Using presentation compiler with project's scala-library version: 3.3.6
2025.06.19 19:49:57 INFO  no build target found for /home/vijay/Documents/asteroid-mining-simulator/src/main/scala/com/mining/core/logistics/Inventory.scala. Using presentation compiler with project's scala-library version: 3.3.6
2025.06.19 19:49:57 INFO  no build target found for /home/vijay/Documents/asteroid-mining-simulator/src/main/scala/com/mining/core/logistics/Inventory.scala. Using presentation compiler with project's scala-library version: 3.3.6
2025.06.19 19:49:57 INFO  no build target found for /home/vijay/Documents/asteroid-mining-simulator/src/main/scala/com/mining/core/logistics/Inventory.scala. Using presentation compiler with project's scala-library version: 3.3.6
2025.06.19 19:49:57 INFO  no build target found for /home/vijay/Documents/asteroid-mining-simulator/src/main/scala/com/mining/core/logistics/Inventory.scala. Using presentation compiler with project's scala-library version: 3.3.6
2025.06.19 19:49:58 WARN  no build target for: /home/vijay/Documents/asteroid-mining-simulator/src/main/scala/com/mining/core/logistics/Inventory.scala
2025.06.19 19:49:58 INFO  no build target found for /home/vijay/Documents/asteroid-mining-simulator/src/main/scala/com/mining/core/logistics/Inventory.scala. Using presentation compiler with project's scala-library version: 3.3.6
2025.06.19 19:49:58 INFO  no build target found for /home/vijay/Documents/asteroid-mining-simulator/src/main/scala/com/mining/core/logistics/Inventory.scala. Using presentation compiler with project's scala-library version: 3.3.6
2025.06.19 19:50:00 INFO  no build target found for /home/vijay/Documents/asteroid-mining-simulator/src/main/scala/com/mining/core/logistics/Inventory.scala. Using presentation compiler with project's scala-library version: 3.3.6
2025.06.19 19:50:00 INFO  no build target found for /home/vijay/Documents/asteroid-mining-simulator/src/main/scala/com/mining/core/logistics/Inventory.scala. Using presentation compiler with project's scala-library version: 3.3.6
2025.06.19 19:50:00 INFO  no build target found for /home/vijay/Documents/asteroid-mining-simulator/src/main/scala/com/mining/core/logistics/Inventory.scala. Using presentation compiler with project's scala-library version: 3.3.6
2025.06.19 19:50:03 INFO  no build target found for /home/vijay/Documents/asteroid-mining-simulator/src/main/scala/com/mining/core/logistics/Inventory.scala. Using presentation compiler with project's scala-library version: 3.3.6
2025.06.19 19:50:03 INFO  no build target found for /home/vijay/Documents/asteroid-mining-simulator/src/main/scala/com/mining/core/logistics/Inventory.scala. Using presentation compiler with project's scala-library version: 3.3.6
2025.06.19 19:50:03 INFO  no build target found for /home/vijay/Documents/asteroid-mining-simulator/src/main/scala/com/mining/core/logistics/Inventory.scala. Using presentation compiler with project's scala-library version: 3.3.6
2025.06.19 19:50:03 INFO  no build target found for /home/vijay/Documents/asteroid-mining-simulator/src/main/scala/com/mining/core/logistics/Inventory.scala. Using presentation compiler with project's scala-library version: 3.3.6
2025.06.19 19:50:03 INFO  no build target found for /home/vijay/Documents/asteroid-mining-simulator/src/main/scala/com/mining/core/logistics/Inventory.scala. Using presentation compiler with project's scala-library version: 3.3.6
2025.06.19 19:50:03 INFO  no build target found for /home/vijay/Documents/asteroid-mining-simulator/src/main/scala/com/mining/core/logistics/Inventory.scala. Using presentation compiler with project's scala-library version: 3.3.6
2025.06.19 19:50:05 INFO  no build target found for /home/vijay/Documents/asteroid-mining-simulator/src/main/scala/com/mining/core/logistics/Inventory.scala. Using presentation compiler with project's scala-library version: 3.3.6
2025.06.19 19:50:05 INFO  no build target found for /home/vijay/Documents/asteroid-mining-simulator/src/main/scala/com/mining/core/logistics/Inventory.scala. Using presentation compiler with project's scala-library version: 3.3.6
2025.06.19 19:50:05 INFO  no build target found for /home/vijay/Documents/asteroid-mining-simulator/src/main/scala/com/mining/core/logistics/Inventory.scala. Using presentation compiler with project's scala-library version: 3.3.6
2025.06.19 19:50:05 INFO  no build target found for /home/vijay/Documents/asteroid-mining-simulator/src/main/scala/com/mining/core/logistics/Inventory.scala. Using presentation compiler with project's scala-library version: 3.3.6
2025.06.19 19:50:05 INFO  no build target found for /home/vijay/Documents/asteroid-mining-simulator/src/main/scala/com/mining/core/logistics/Inventory.scala. Using presentation compiler with project's scala-library version: 3.3.6
2025.06.19 19:50:06 INFO  no build target found for /home/vijay/Documents/asteroid-mining-simulator/src/main/scala/com/mining/core/logistics/Inventory.scala. Using presentation compiler with project's scala-library version: 3.3.6
2025.06.19 19:50:06 INFO  no build target found for /home/vijay/Documents/asteroid-mining-simulator/src/main/scala/com/mining/core/logistics/Inventory.scala. Using presentation compiler with project's scala-library version: 3.3.6
2025.06.19 19:51:52 INFO  no build target found for /home/vijay/Documents/asteroid-mining-simulator/src/main/scala/com/mining/core/logistics/Inventory.scala. Using presentation compiler with project's scala-library version: 3.3.6
2025.06.19 19:51:53 INFO  no build target found for /home/vijay/Documents/asteroid-mining-simulator/src/main/scala/com/mining/core/logistics/Inventory.scala. Using presentation compiler with project's scala-library version: 3.3.6
2025.06.19 19:52:00 INFO  no build target found for /home/vijay/Documents/asteroid-mining-simulator/src/main/scala/com/mining/core/logistics/Inventory.scala. Using presentation compiler with project's scala-library version: 3.3.6
2025.06.19 19:52:00 INFO  no build target found for /home/vijay/Documents/asteroid-mining-simulator/src/main/scala/com/mining/core/logistics/Inventory.scala. Using presentation compiler with project's scala-library version: 3.3.6
2025.06.19 19:52:00 INFO  no build target found for /home/vijay/Documents/asteroid-mining-simulator/src/main/scala/com/mining/core/logistics/Inventory.scala. Using presentation compiler with project's scala-library version: 3.3.6
2025.06.19 19:52:21 INFO  no build target found for /home/vijay/Documents/asteroid-mining-simulator/src/main/scala/com/mining/core/logistics/Inventory.scala. Using presentation compiler with project's scala-library version: 3.3.6
2025.06.19 19:52:21 INFO  no build target found for /home/vijay/Documents/asteroid-mining-simulator/src/main/scala/com/mining/core/logistics/Inventory.scala. Using presentation compiler with project's scala-library version: 3.3.6
2025.06.19 19:56:43 INFO  no build target found for /home/vijay/Documents/asteroid-mining-simulator/src/main/scala/com/mining/core/logistics/Inventory.scala. Using presentation compiler with project's scala-library version: 3.3.6
2025.06.19 19:56:43 INFO  no build target found for /home/vijay/Documents/asteroid-mining-simulator/src/main/scala/com/mining/core/logistics/Inventory.scala. Using presentation compiler with project's scala-library version: 3.3.6
2025.06.19 20:05:30 INFO  no build target found for /home/vijay/Documents/asteroid-mining-simulator/src/main/scala/com/mining/core/logistics/Inventory.scala. Using presentation compiler with project's scala-library version: 3.3.6
2025.06.19 20:12:45 INFO  no build target found for /home/vijay/Documents/asteroid-mining-simulator/src/main/scala/com/mining/core/logistics/Inventory.scala. Using presentation compiler with project's scala-library version: 3.3.6
2025.06.19 20:12:48 WARN  no build target for: /home/vijay/Documents/asteroid-mining-simulator/build.sbt
2025.06.19 20:12:48 INFO  no build target found for /home/vijay/Documents/asteroid-mining-simulator/build.sbt. Using presentation compiler with project's scala-library version: 3.3.6
2025.06.19 20:12:49 INFO  no build target found for /home/vijay/Documents/asteroid-mining-simulator/build.sbt. Using presentation compiler with project's scala-library version: 3.3.6
2025.06.19 20:12:48 INFO  no build target found for /home/vijay/Documents/asteroid-mining-simulator/build.sbt. Using presentation compiler with project's scala-library version: 3.3.6
2025.06.19 20:56:23 INFO  Shutting down server
2025.06.19 20:56:23 INFO  shutting down Metals
2025.06.19 20:56:23 INFO  Exiting server
